<html xmlns:tp="http://schemas.datacontract.org/2004/07/Microsoft.VisualStudio.TestPlatform.Extensions.HtmlLogger.ObjectModel" xmlns:a="http://schemas.microsoft.com/2003/10/Serialization/Arrays" xmlns:msxsl="urn:schemas-microsoft-com:xslt">
  <body>
    <h1>Test run details</h1>
    <div class="summary">
      <div class="block"><span>Total tests</span><div class="total-tests">1</div><br></div>
      <div class="block"><span>Passed  : </span><span class="passedTests">0</span><br><span>Failed  : </span><span class="failedTests">1</span><br><span>Skipped : </span><span class="skippedTests">0</span><br></div>
      <div class="block"><span>Pass percentage</span><div class="pass-percentage">0 %</div><br></div>
      <div class="block"><span>Run duration</span><div class="test-run-time">1m 14s</div><br></div><br></div>
    <h2>Failed Results</h2>
    <div class="list-row" onclick="ToggleClass('-63370031-failedResult')">C:\Users\User01\source\repos\LaunchNotepad\LaunchNotepad\bin\Debug\LaunchNotepad.dll</div>
    <div class="inner-row" Id="-63370031-failedResult" style="display:block;">
      <div class="leaf-division">
        <div><span class="fail">✘</span><span> LaunchNotepad.UnitTest1.LaunchNotepadAndWriteSomething</span><div class="duration"><span>1m 13s</span><br></div>
        </div>
        <div class="error-info">
    Error: <span class="error-message"><pre>Test method LaunchNotepad.UnitTest1.LaunchNotepadAndWriteSomething threw exception: 
OpenQA.Selenium.WebDriverException: The HTTP request to the remote WebDriver server for URL http://localhost:55845/session/AwesomeSession/element timed out after 60 seconds. ---&gt; System.Net.WebException: The operation has timed out</pre></span><br>
    Stack trace: <span class="error-stack-trace"><pre>    at System.Net.HttpWebRequest.GetResponse()
   at OpenQA.Selenium.Remote.HttpCommandExecutor.CreateResponse(WebRequest request)
--- End of inner exception stack trace ---
    at OpenQA.Selenium.Remote.HttpCommandExecutor.CreateResponse(WebRequest request)
   at OpenQA.Selenium.Remote.HttpCommandExecutor.Execute(Command commandToExecute)
   at OpenQA.Selenium.Winium.WiniumDriverCommandExecutor.Execute(Command commandToExecute)
   at OpenQA.Selenium.Remote.RemoteWebDriver.Execute(String driverCommandToExecute, Dictionary`2 parameters)
   at OpenQA.Selenium.Remote.RemoteWebDriver.FindElement(String mechanism, String value)
   at OpenQA.Selenium.Remote.RemoteWebDriver.FindElementByName(String name)
   at LaunchNotepad.UnitTest1.LaunchNotepadAndWriteSomething() in C:\Users\User01\source\repos\LaunchNotepad\LaunchNotepad\UnitTest1.cs:line 29
</pre></span><br></div>
      </div>
    </div>
    <h2>All Results</h2>
    <div class="list-row" onclick="ToggleClass('-63370031')">C:\Users\User01\source\repos\LaunchNotepad\LaunchNotepad\bin\Debug\LaunchNotepad.dll</div>
    <div class="inner-row" Id="-63370031" style="display:none;">
      <div class="leaf-division">
        <div><span class="fail">✘</span><span> LaunchNotepad.UnitTest1.LaunchNotepadAndWriteSomething</span><div class="duration"><span>1m 13s</span><br></div>
        </div>
        <div class="error-info">
    Error: <span class="error-message"><pre>Test method LaunchNotepad.UnitTest1.LaunchNotepadAndWriteSomething threw exception: 
OpenQA.Selenium.WebDriverException: The HTTP request to the remote WebDriver server for URL http://localhost:55845/session/AwesomeSession/element timed out after 60 seconds. ---&gt; System.Net.WebException: The operation has timed out</pre></span><br>
    Stack trace: <span class="error-stack-trace"><pre>    at System.Net.HttpWebRequest.GetResponse()
   at OpenQA.Selenium.Remote.HttpCommandExecutor.CreateResponse(WebRequest request)
--- End of inner exception stack trace ---
    at OpenQA.Selenium.Remote.HttpCommandExecutor.CreateResponse(WebRequest request)
   at OpenQA.Selenium.Remote.HttpCommandExecutor.Execute(Command commandToExecute)
   at OpenQA.Selenium.Winium.WiniumDriverCommandExecutor.Execute(Command commandToExecute)
   at OpenQA.Selenium.Remote.RemoteWebDriver.Execute(String driverCommandToExecute, Dictionary`2 parameters)
   at OpenQA.Selenium.Remote.RemoteWebDriver.FindElement(String mechanism, String value)
   at OpenQA.Selenium.Remote.RemoteWebDriver.FindElementByName(String name)
   at LaunchNotepad.UnitTest1.LaunchNotepadAndWriteSomething() in C:\Users\User01\source\repos\LaunchNotepad\LaunchNotepad\UnitTest1.cs:line 29
</pre></span><br></div>
      </div>
    </div>
  </body><script language="javascript">
        function ToggleClass(id) {
        var elem = document.getElementById(id);
        if (elem.style.display == "none") {
        elem.style.display = "block";
        }
        else {
        elem.style.display = "none";
        }
        }
      </script><style>
        body { font-family: Calibri, Verdana, Arial, sans-serif; background-color: White; color: Black; }
        h2 {
        margin-top: 15px;
        margin-bottom:10px;
        }
        pre {
        white-space: pre-wrap;
        }
        .summary {font-family:monospace;
        display: -webkit-flex; /* Safari */
        -webkit-flex-wrap: wrap; /* Safari 6.1+ */
        display: flex;
        flex-wrap: wrap;
        }
        .row {
        border: 2px solid #ffffff;
        width:100%;
        cursor:pointer;
        background-color:#d7e9fa;
        }
        .list-row {
        border: 2px solid #ffffff;
        width:100%;
        cursor:pointer;
        background-color:#ffffff;
        }
        .inner-row{
        border: 2px solid #ffffff;
        padding-left:1%;
        margin-left:1%;
        background-color:#ffffff;
        }
        .block{
        width : 150px;
        }
        .leaf-division{
        border: 2px solid #ffffff;
        background-color:#e6eff7;
        }
        .pass { color: #0c0; }
        .fail { color: #c00; }
        .error-message { color : brown; }
        .error-stack-trace { color: brown; }
        .duration {float:right;padding-right:1%;}
        .total-tests { font-size : 30px}
        .test-run-time { font-size : 30px}
        .pass-percentage { font-size : 30px}
        .error-info{
        margin-left:16px;
        }
      </style>
</html>